  Running UnrealBuildTool: dotnet "..\..\Engine\Binaries\DotNET\UnrealBuildTool\UnrealBuildTool.dll" DDA_BossFightEditor Win64 Development -Project="D:\DissertationArtefact\DDA_BossFight\DDA_BossFight.uproject" -WaitMutex -FromMsBuild
  Log file: C:\Users\joshu\AppData\Local\UnrealBuildTool\Log.txt
  Invalidating makefile for DDA_BossFightEditor (working set of source files changed)
  Parsing headers for DDA_BossFightEditor
    Running Internal UnrealHeaderTool D:\DissertationArtefact\DDA_BossFight\DDA_BossFight.uproject D:\DissertationArtefact\DDA_BossFight\Intermediate\Build\Win64\DDA_BossFightEditor\Development\DDA_BossFightEditor.uhtmanifest -WarningsAsErrors -installed
  Total of 3 written
  Reflection code generated for DDA_BossFightEditor in 11.562216 seconds
  Building DDA_BossFightEditor...
  Using Visual Studio 2022 14.34.31937 toolchain (C:\Program Files\Microsoft Visual Studio\2022\Community\VC\Tools\MSVC\14.34.31933) and Windows 10.0.22000.0 SDK (C:\Program Files (x86)\Windows Kits\10).
  [Upgrade]
  [Upgrade] Using backward-compatible include order. The latest version of UE has changed the order of includes, which may require code changes. The current setting is:
  [Upgrade]     IncludeOrderVersion = EngineIncludeOrderVersion.Unreal5_0
  [Upgrade] Suppress this message by setting 'IncludeOrderVersion = EngineIncludeOrderVersion.Unreal5_1;' in DDA_BossFightEditor.Target.cs.
  [Upgrade] Alternatively you can set this to 'EngineIncludeOrderVersion.Latest' to always use the latest include order. This will potentially cause compile errors when integrating new versions of the engine.
  [Upgrade]
  Determining max actions to execute in parallel (4 physical cores, 8 logical cores)
    Executing up to 4 processes, one per physical core
    Requested 1.5 GB free memory per action, 563.65 MB available: limiting max parallel actions to 1
  Building 6 actions with 1 process...
  [1/6] Compile DDA_BossFight.init.gen.cpp
  [2/6] Compile RLGameInstance.gen.cpp
  [3/6] Compile RLGameInstance.cpp
  [4/6] Link UnrealEditor-DDA_BossFight.dll
     Creating library D:\DissertationArtefact\DDA_BossFight\Intermediate\Build\Win64\UnrealEditor\Development\DDA_BossFight\UnrealEditor-DDA_BossFight.suppressed.lib and object D:\DissertationArtefact\DDA_BossFight\Intermediate\Build\Win64\UnrealEditor\Development\DDA_BossFight\UnrealEditor-DDA_BossFight.suppressed.exp
  [5/6] Link UnrealEditor-DDA_BossFight.lib
     Creating library D:\DissertationArtefact\DDA_BossFight\Intermediate\Build\Win64\UnrealEditor\Development\DDA_BossFight\UnrealEditor-DDA_BossFight.lib and object D:\DissertationArtefact\DDA_BossFight\Intermediate\Build\Win64\UnrealEditor\Development\DDA_BossFight\UnrealEditor-DDA_BossFight.exp
  [6/6] WriteMetadata DDA_BossFightEditor.target
  Total time in Parallel executor: 32.67 seconds
  Total execution time: 55.16 seconds
